This file contains any messages produced by compilers while
running configure, to aid debugging if configure makes a mistake.

It was created by checktestdata configure 20240830, which was
generated by GNU Autoconf 2.72.  Invocation command line was

  $ ./configure --disable-parsergeneration

## --------- ##
## Platform. ##
## --------- ##

hostname = wireless-10-147-91-17.public.utexas.edu
uname -m = arm64
uname -r = 23.6.0
uname -s = Darwin
uname -v = Darwin Kernel Version 23.6.0: Mon Jul 29 21:14:46 PDT 2024; root:xnu-10063.141.2~1/RELEASE_ARM64_T6031

/usr/bin/uname -p = arm
/bin/uname -X     = unknown

/bin/arch              = unknown
/usr/bin/arch -k       = unknown
/usr/convex/getsysinfo = unknown
/usr/bin/hostinfo      = Mach kernel version:
	 Darwin Kernel Version 23.6.0: Mon Jul 29 21:14:46 PDT 2024; root:xnu-10063.141.2~1/RELEASE_ARM64_T6031
Kernel configured for up to 16 processors.
16 processors are physically available.
16 processors are logically available.
Processor type: arm64e (ARM64E)
Processors active: 0 1 2 3 4 5 6 7 8 9 10 11 12 13 14 15
Primary memory available: 128.00 gigabytes
Default processor set: 907 tasks, 4510 threads, 16 processors
Load average: 1.57, Mach factor: 14.42
/bin/machine           = unknown
/usr/bin/oslevel       = unknown
/bin/universe          = unknown

PATH: /Users/mayoff/b.Darwin.arm64/
PATH: /Users/mayoff/b/
PATH: /Users/mayoff/.../nix/profile/bin/
PATH: /nix/var/nix/profiles/default/bin/
PATH: /Users/mayoff/.ghcup/bin/
PATH: /Users/mayoff/.pyenv/shims/
PATH: /opt/homebrew/bin/
PATH: /opt/homebrew/sbin/
PATH: /usr/local/bin/
PATH: /usr/local/sbin/
PATH: /opt/local/bin/
PATH: /opt/local/sbin/
PATH: /Library/TeX/texbin/
PATH: /usr/bin/
PATH: /usr/sbin/
PATH: /bin/
PATH: /sbin/
PATH: /Library/Apple/usr/bin/


## ----------- ##
## Core tests. ##
## ----------- ##

configure:2614: looking for aux files: config.guess config.sub
configure:2627:  trying ./
configure:2656:   ./config.guess found
configure:2656:   ./config.sub found
configure:2775: checking whether configure should try to set CXXFLAGS
configure:2779: result: no
configure:2775: checking whether configure should try to set LDFLAGS
configure:2779: result: no
configure:2862: checking for g++
configure:2883: found /usr/bin/g++
configure:2895: result: g++
configure:2922: checking for C++ compiler version
configure:2931: g++ --version >&5
Apple clang version 15.0.0 (clang-1500.3.9.4)
Target: arm64-apple-darwin23.6.0
Thread model: posix
InstalledDir: /Applications/Xcode-15.4.app/Contents/Developer/Toolchains/XcodeDefault.xctoolchain/usr/bin
configure:2942: $? = 0
configure:2931: g++ -v >&5
Apple clang version 15.0.0 (clang-1500.3.9.4)
Target: arm64-apple-darwin23.6.0
Thread model: posix
InstalledDir: /Applications/Xcode-15.4.app/Contents/Developer/Toolchains/XcodeDefault.xctoolchain/usr/bin
configure:2942: $? = 0
configure:2931: g++ -V >&5
clang: error: argument to '-V' is missing (expected 1 value)
clang: error: no input files
configure:2942: $? = 1
configure:2931: g++ -qversion >&5
clang: error: unknown argument '-qversion'; did you mean '--version'?
clang: error: no input files
configure:2942: $? = 1
configure:2962: checking whether the C++ compiler works
configure:2984: g++ -I/opt/homebrew/include  -L/opt/homebrew/lib conftest.cpp  >&5
configure:2988: $? = 0
configure:3039: result: yes
configure:3043: checking for C++ compiler default output file name
configure:3045: result: a.out
configure:3051: checking for suffix of executables
configure:3058: g++ -o conftest -I/opt/homebrew/include  -L/opt/homebrew/lib conftest.cpp  >&5
configure:3062: $? = 0
configure:3086: result: 
configure:3110: checking whether we are cross compiling
configure:3118: g++ -o conftest -I/opt/homebrew/include  -L/opt/homebrew/lib conftest.cpp  >&5
configure:3122: $? = 0
configure:3129: ./conftest
configure:3133: $? = 0
configure:3148: result: no
configure:3154: checking for suffix of object files
configure:3177: g++ -c -I/opt/homebrew/include  conftest.cpp >&5
configure:3181: $? = 0
configure:3205: result: o
configure:3209: checking whether the compiler supports GNU C++
configure:3229: g++ -c -I/opt/homebrew/include  conftest.cpp >&5
configure:3229: $? = 0
configure:3241: result: yes
configure:3252: checking whether g++ accepts -g
configure:3273: g++ -c -g  conftest.cpp >&5
configure:3273: $? = 0
configure:3320: result: yes
configure:3340: checking for g++ option to enable C++11 features
configure:3355: g++  -c -I/opt/homebrew/include  conftest.cpp >&5
conftest.cpp:55:3: error: "Compiler does not advertise C++11 conformance"
# error "Compiler does not advertise C++11 conformance"
  ^
conftest.cpp:60:3: error: unknown type name 'constexpr'
  constexpr int get_val() { return 20; }
  ^
conftest.cpp:72:17: error: delegating constructors are permitted only in C++11
    delegate(): delegate(2354) {}
                ^~~~~~~~
conftest.cpp:83:26: warning: 'override' keyword is a C++11 extension [-Wc++11-extensions]
    virtual int getval() override final { return this->n * 2; }
                         ^
conftest.cpp:83:35: warning: 'final' keyword is a C++11 extension [-Wc++11-extensions]
    virtual int getval() override final { return this->n * 2; }
                                  ^
conftest.cpp:90:16: warning: defaulted function definitions are a C++11 extension [-Wc++11-extensions]
    nocopy() = default;
               ^
conftest.cpp:91:29: warning: deleted function definitions are a C++11 extension [-Wc++11-extensions]
    nocopy(const nocopy&) = delete;
                            ^
conftest.cpp:92:41: warning: deleted function definitions are a C++11 extension [-Wc++11-extensions]
    nocopy & operator=(const nocopy&) = delete;
                                        ^
conftest.cpp:104:25: warning: 'auto' type specifier is a C++11 extension [-Wc++11-extensions]
  template <typename V> auto sum(V first) -> V
                        ^
conftest.cpp:104:25: error: 'auto' not allowed in function return type
  template <typename V> auto sum(V first) -> V
                        ^~~~
conftest.cpp:104:42: error: expected ';' at end of declaration
  template <typename V> auto sum(V first) -> V
                                         ^
                                         ;
conftest.cpp:104:43: error: cannot use arrow operator on a type
  template <typename V> auto sum(V first) -> V
                                          ^
conftest.cpp:108:33: warning: variadic templates are a C++11 extension [-Wc++11-extensions]
  template <typename V, typename... Args> auto sum(V first, Args... rest) -> V
                                ^
conftest.cpp:108:43: warning: 'auto' type specifier is a C++11 extension [-Wc++11-extensions]
  template <typename V, typename... Args> auto sum(V first, Args... rest) -> V
                                          ^
conftest.cpp:108:43: error: 'auto' not allowed in function return type
  template <typename V, typename... Args> auto sum(V first, Args... rest) -> V
                                          ^~~~
conftest.cpp:108:74: error: expected ';' at end of declaration
  template <typename V, typename... Args> auto sum(V first, Args... rest) -> V
                                                                         ^
                                                                         ;
conftest.cpp:108:75: error: cannot use arrow operator on a type
  template <typename V, typename... Args> auto sum(V first, Args... rest) -> V
                                                                          ^
conftest.cpp:132:3: warning: 'auto' type specifier is a C++11 extension [-Wc++11-extensions]
  auto a1 = 6538;
  ^
conftest.cpp:133:3: warning: 'auto' type specifier is a C++11 extension [-Wc++11-extensions]
  auto a2 = 48573953.4;
  ^
conftest.cpp:134:3: warning: 'auto' type specifier is a C++11 extension [-Wc++11-extensions]
  auto a3 = "String literal";
  ^
conftest.cpp:137:8: warning: 'auto' type specifier is a C++11 extension [-Wc++11-extensions]
  for (auto i = a3; *i; ++i) { total += *i; }
       ^
conftest.cpp:153:8: warning: 'auto' type specifier is a C++11 extension [-Wc++11-extensions]
  for (auto &x : array) { x += 23; }
       ^
conftest.cpp:153:16: warning: range-based for loop is a C++11 extension [-Wc++11-extensions]
  for (auto &x : array) { x += 23; }
               ^
conftest.cpp:158:17: error: expected expression
  assert (eval ([](int x) { return x*2; }, 21) == 42);
                ^
conftest.cpp:160:17: error: expected expression
  assert (eval ([&](double x) { return d += x; }, 3.0) == 5.0);
                ^
conftest.cpp:162:17: error: expected expression
  assert (eval ([=](double x) mutable { return d += x; }, 4.0) == 9.0);
                ^
conftest.cpp:168:3: warning: 'auto' type specifier is a C++11 extension [-Wc++11-extensions]
  auto a = sum(1);
  ^
conftest.cpp:168:12: error: no matching function for call to 'sum'
  auto a = sum(1);
           ^~~
conftest.cpp:169:3: warning: 'auto' type specifier is a C++11 extension [-Wc++11-extensions]
  auto b = sum(1, 2);
  ^
conftest.cpp:169:12: error: no matching function for call to 'sum'
  auto b = sum(1, 2);
           ^~~
conftest.cpp:170:3: warning: 'auto' type specifier is a C++11 extension [-Wc++11-extensions]
  auto c = sum(1.0, 2.0, 3.0);
  ^
conftest.cpp:170:12: error: no matching function for call to 'sum'
  auto c = sum(1.0, 2.0, 3.0);
           ^~~
conftest.cpp:175:25: warning: empty parentheses interpreted as a function declaration [-Wvexing-parse]
  cxx11test::delegate d2();
                        ^~
conftest.cpp:175:25: note: remove parentheses to declare a variable
  cxx11test::delegate d2();
                        ^~
conftest.cpp:188:16: error: found '<::' after a template name which forms the digraph '<:' (aka '[') and a ':', did you mean '< ::'?
  test_template<::test_template<int>> v(test_template<int>(12));
               ^~~
               < ::
conftest.cpp:188:36: error: a space is required between consecutive right angle brackets (use '> >')
  test_template<::test_template<int>> v(test_template<int>(12));
                                   ^~
                                   > >
conftest.cpp:192:22: error: use of undeclared identifier 'u8'
  char const *utf8 = u8"UTF-8 string \u2500";
                     ^
conftest.cpp:192:24: error: expected ';' at end of declaration
  char const *utf8 = u8"UTF-8 string \u2500";
                       ^
                       ;
fatal error: too many errors emitted, stopping now [-ferror-limit=]
18 warnings and 20 errors generated.
configure:3355: $? = 1
configure: failed program was:
| /* confdefs.h */
| #define PACKAGE_NAME "checktestdata"
| #define PACKAGE_TARNAME "checktestdata"
| #define PACKAGE_VERSION "20240830"
| #define PACKAGE_STRING "checktestdata 20240830"
| #define PACKAGE_BUGREPORT "domjudge-devel@domjudge.org"
| #define PACKAGE_URL ""
| /* end confdefs.h.  */
| 
| // Does the compiler advertise C++98 conformance?
| #if !defined __cplusplus || __cplusplus < 199711L
| # error "Compiler does not advertise C++98 conformance"
| #endif
| 
| // These inclusions are to reject old compilers that
| // lack the unsuffixed header files.
| #include <cstdlib>
| #include <exception>
| 
| // <cassert> and <cstring> are *not* freestanding headers in C++98.
| extern void assert (int);
| namespace std {
|   extern int strcmp (const char *, const char *);
| }
| 
| // Namespaces, exceptions, and templates were all added after "C++ 2.0".
| using std::exception;
| using std::strcmp;
| 
| namespace {
| 
| void test_exception_syntax()
| {
|   try {
|     throw "test";
|   } catch (const char *s) {
|     // Extra parentheses suppress a warning when building autoconf itself,
|     // due to lint rules shared with more typical C programs.
|     assert (!(strcmp) (s, "test"));
|   }
| }
| 
| template <typename T> struct test_template
| {
|   T const val;
|   explicit test_template(T t) : val(t) {}
|   template <typename U> T add(U u) { return static_cast<T>(u) + val; }
| };
| 
| } // anonymous namespace
| 
| 
| // Does the compiler advertise C++ 2011 conformance?
| #if !defined __cplusplus || __cplusplus < 201103L
| # error "Compiler does not advertise C++11 conformance"
| #endif
| 
| namespace cxx11test
| {
|   constexpr int get_val() { return 20; }
| 
|   struct testinit
|   {
|     int i;
|     double d;
|   };
| 
|   class delegate
|   {
|   public:
|     delegate(int n) : n(n) {}
|     delegate(): delegate(2354) {}
| 
|     virtual int getval() { return this->n; };
|   protected:
|     int n;
|   };
| 
|   class overridden : public delegate
|   {
|   public:
|     overridden(int n): delegate(n) {}
|     virtual int getval() override final { return this->n * 2; }
|   };
| 
|   class nocopy
|   {
|   public:
|     nocopy(int i): i(i) {}
|     nocopy() = default;
|     nocopy(const nocopy&) = delete;
|     nocopy & operator=(const nocopy&) = delete;
|   private:
|     int i;
|   };
| 
|   // for testing lambda expressions
|   template <typename Ret, typename Fn> Ret eval(Fn f, Ret v)
|   {
|     return f(v);
|   }
| 
|   // for testing variadic templates and trailing return types
|   template <typename V> auto sum(V first) -> V
|   {
|     return first;
|   }
|   template <typename V, typename... Args> auto sum(V first, Args... rest) -> V
|   {
|     return first + sum(rest...);
|   }
| }
| 
| 
| int
| main (int argc, char **argv)
| {
|   int ok = 0;
|   
|   assert (argc);
|   assert (! argv[0]);
| {
|   test_exception_syntax ();
|   test_template<double> tt (2.0);
|   assert (tt.add (4) == 6.0);
|   assert (true && !false);
| }
| 
|   
| {
|   // Test auto and decltype
|   auto a1 = 6538;
|   auto a2 = 48573953.4;
|   auto a3 = "String literal";
| 
|   int total = 0;
|   for (auto i = a3; *i; ++i) { total += *i; }
| 
|   decltype(a2) a4 = 34895.034;
| }
| {
|   // Test constexpr
|   short sa[cxx11test::get_val()] = { 0 };
| }
| {
|   // Test initializer lists
|   cxx11test::testinit il = { 4323, 435234.23544 };
| }
| {
|   // Test range-based for
|   int array[] = {9, 7, 13, 15, 4, 18, 12, 10, 5, 3,
|                  14, 19, 17, 8, 6, 20, 16, 2, 11, 1};
|   for (auto &x : array) { x += 23; }
| }
| {
|   // Test lambda expressions
|   using cxx11test::eval;
|   assert (eval ([](int x) { return x*2; }, 21) == 42);
|   double d = 2.0;
|   assert (eval ([&](double x) { return d += x; }, 3.0) == 5.0);
|   assert (d == 5.0);
|   assert (eval ([=](double x) mutable { return d += x; }, 4.0) == 9.0);
|   assert (d == 5.0);
| }
| {
|   // Test use of variadic templates
|   using cxx11test::sum;
|   auto a = sum(1);
|   auto b = sum(1, 2);
|   auto c = sum(1.0, 2.0, 3.0);
| }
| {
|   // Test constructor delegation
|   cxx11test::delegate d1;
|   cxx11test::delegate d2();
|   cxx11test::delegate d3(45);
| }
| {
|   // Test override and final
|   cxx11test::overridden o1(55464);
| }
| {
|   // Test nullptr
|   char *c = nullptr;
| }
| {
|   // Test template brackets
|   test_template<::test_template<int>> v(test_template<int>(12));
| }
| {
|   // Unicode literals
|   char const *utf8 = u8"UTF-8 string \u2500";
|   char16_t const *utf16 = u"UTF-8 string \u2500";
|   char32_t const *utf32 = U"UTF-32 string \u2500";
| }
| 
|   return ok;
| }
| 
configure:3355: g++ -std=gnu++11 -c -I/opt/homebrew/include  conftest.cpp >&5
conftest.cpp:175:25: warning: empty parentheses interpreted as a function declaration [-Wvexing-parse]
  cxx11test::delegate d2();
                        ^~
conftest.cpp:175:25: note: remove parentheses to declare a variable
  cxx11test::delegate d2();
                        ^~
1 warning generated.
configure:3355: $? = 0
configure:3377: result: -std=gnu++11
configure:3450: checking whether C++ compiler accepts -Wall
configure:3470: g++ -std=gnu++11 -c -I/opt/homebrew/include  -Wall  conftest.cpp >&5
configure:3470: $? = 0
configure:3482: result: yes
configure:3500: : DEF_CXXFLAGS="$DEF_CXXFLAGS"
configure:3503: $? = 0
configure:3533: checking whether C++ compiler accepts -fstack-protector
configure:3553: g++ -std=gnu++11 -c -I/opt/homebrew/include  -fstack-protector  conftest.cpp >&5
configure:3553: $? = 0
configure:3565: result: yes
configure:3583: : DEF_CXXFLAGS="$DEF_CXXFLAGS"
configure:3586: $? = 0
configure:3616: checking whether C++ compiler accepts -fPIE
configure:3636: g++ -std=gnu++11 -c -I/opt/homebrew/include  -fPIE  conftest.cpp >&5
configure:3636: $? = 0
configure:3648: result: yes
configure:3666: : DEF_CXXFLAGS="$DEF_CXXFLAGS"
configure:3669: $? = 0
configure:3699: checking whether C++ compiler accepts -D_FORTIFY_SOURCE=2
configure:3719: g++ -std=gnu++11 -c -I/opt/homebrew/include  -D_FORTIFY_SOURCE=2  conftest.cpp >&5
configure:3719: $? = 0
configure:3731: result: yes
configure:3749: : DEF_CXXFLAGS="$DEF_CXXFLAGS"
configure:3752: $? = 0
configure:3782: checking whether the linker accepts -fPIE
configure:3802: g++ -std=gnu++11 -o conftest -I/opt/homebrew/include  -L/opt/homebrew/lib  -fPIE conftest.cpp  >&5
configure:3802: $? = 0
configure:3815: result: yes
configure:3833: : DEF_LDFLAGS="$DEF_LDFLAGS"
configure:3836: $? = 0
configure:3782: checking whether the linker accepts -pie
configure:3802: g++ -std=gnu++11 -o conftest -I/opt/homebrew/include  -L/opt/homebrew/lib  -pie conftest.cpp  >&5
clang: warning: argument unused during compilation: '-pie' [-Wunused-command-line-argument]
configure:3802: $? = 0
configure:3815: result: yes
configure:3833: : DEF_LDFLAGS="$DEF_LDFLAGS"
configure:3836: $? = 0
configure:3866: checking whether the linker accepts -Wl,-z,relro
configure:3886: g++ -std=gnu++11 -o conftest -I/opt/homebrew/include  -L/opt/homebrew/lib  -Wl,-z,relro conftest.cpp  >&5
ld: unknown options: -z 
clang: error: linker command failed with exit code 1 (use -v to see invocation)
configure:3886: $? = 1
configure: failed program was:
| /* confdefs.h */
| #define PACKAGE_NAME "checktestdata"
| #define PACKAGE_TARNAME "checktestdata"
| #define PACKAGE_VERSION "20240830"
| #define PACKAGE_STRING "checktestdata 20240830"
| #define PACKAGE_BUGREPORT "domjudge-devel@domjudge.org"
| #define PACKAGE_URL ""
| /* end confdefs.h.  */
| 
| int
| main (void)
| {
| 
|   ;
|   return 0;
| }
configure:3899: result: no
configure:3950: checking whether the linker accepts -Wl,-z,now
configure:3970: g++ -std=gnu++11 -o conftest -I/opt/homebrew/include  -L/opt/homebrew/lib  -Wl,-z,now conftest.cpp  >&5
ld: unknown options: -z 
clang: error: linker command failed with exit code 1 (use -v to see invocation)
configure:3970: $? = 1
configure: failed program was:
| /* confdefs.h */
| #define PACKAGE_NAME "checktestdata"
| #define PACKAGE_TARNAME "checktestdata"
| #define PACKAGE_VERSION "20240830"
| #define PACKAGE_STRING "checktestdata 20240830"
| #define PACKAGE_BUGREPORT "domjudge-devel@domjudge.org"
| #define PACKAGE_URL ""
| /* end confdefs.h.  */
| 
| int
| main (void)
| {
| 
|   ;
|   return 0;
| }
configure:3983: result: no
configure:4165: checking for C++ compiler version
configure:4174: g++ -std=gnu++11 --version >&5
Apple clang version 15.0.0 (clang-1500.3.9.4)
Target: arm64-apple-darwin23.6.0
Thread model: posix
InstalledDir: /Applications/Xcode-15.4.app/Contents/Developer/Toolchains/XcodeDefault.xctoolchain/usr/bin
configure:4185: $? = 0
configure:4174: g++ -std=gnu++11 -v >&5
Apple clang version 15.0.0 (clang-1500.3.9.4)
Target: arm64-apple-darwin23.6.0
Thread model: posix
InstalledDir: /Applications/Xcode-15.4.app/Contents/Developer/Toolchains/XcodeDefault.xctoolchain/usr/bin
configure:4185: $? = 0
configure:4174: g++ -std=gnu++11 -V >&5
clang: error: argument to '-V' is missing (expected 1 value)
clang: error: no input files
configure:4185: $? = 1
configure:4174: g++ -std=gnu++11 -qversion >&5
clang: error: unknown argument '-qversion'; did you mean '--version'?
clang: error: no input files
configure:4185: $? = 1
configure:4189: checking whether the compiler supports GNU C++
configure:4221: result: yes
configure:4232: checking whether g++ -std=gnu++11 accepts -g
configure:4300: result: yes
configure:4320: checking for g++ -std=gnu++11 option to enable C++11 features
configure:4357: result: -std=gnu++11
configure:4486: checking for gcc
configure:4507: found /usr/bin/gcc
configure:4519: result: gcc
configure:4878: checking for C compiler version
configure:4887: gcc --version >&5
Apple clang version 15.0.0 (clang-1500.3.9.4)
Target: arm64-apple-darwin23.6.0
Thread model: posix
InstalledDir: /Applications/Xcode-15.4.app/Contents/Developer/Toolchains/XcodeDefault.xctoolchain/usr/bin
configure:4898: $? = 0
configure:4887: gcc -v >&5
Apple clang version 15.0.0 (clang-1500.3.9.4)
Target: arm64-apple-darwin23.6.0
Thread model: posix
InstalledDir: /Applications/Xcode-15.4.app/Contents/Developer/Toolchains/XcodeDefault.xctoolchain/usr/bin
configure:4898: $? = 0
configure:4887: gcc -V >&5
clang: error: argument to '-V' is missing (expected 1 value)
clang: error: no input files
configure:4898: $? = 1
configure:4887: gcc -qversion >&5
clang: error: unknown argument '-qversion'; did you mean '--version'?
clang: error: no input files
configure:4898: $? = 1
configure:4887: gcc -version >&5
clang: error: unknown argument '-version'; did you mean '--version'?
clang: error: no input files
configure:4898: $? = 1
configure:4902: checking whether the compiler supports GNU C
configure:4922: gcc -c   conftest.c >&5
configure:4922: $? = 0
configure:4934: result: yes
configure:4945: checking whether gcc accepts -g
configure:4966: gcc -c -g  conftest.c >&5
configure:4966: $? = 0
configure:5013: result: yes
configure:5033: checking for gcc option to enable C11 features
configure:5048: gcc  -c -g -O2  conftest.c >&5
configure:5048: $? = 0
configure:5067: result: none needed
configure:5190: checking how to run the C++ preprocessor
configure:5212: g++ -std=gnu++11 -std=gnu++11 -E  conftest.cpp
configure:5212: $? = 0
configure:5228: g++ -std=gnu++11 -std=gnu++11 -E  conftest.cpp
conftest.cpp:9:10: fatal error: 'ac_nonexistent.h' file not found
#include <ac_nonexistent.h>
         ^~~~~~~~~~~~~~~~~~
1 error generated.
configure:5228: $? = 1
configure: failed program was:
| /* confdefs.h */
| #define PACKAGE_NAME "checktestdata"
| #define PACKAGE_TARNAME "checktestdata"
| #define PACKAGE_VERSION "20240830"
| #define PACKAGE_STRING "checktestdata 20240830"
| #define PACKAGE_BUGREPORT "domjudge-devel@domjudge.org"
| #define PACKAGE_URL ""
| /* end confdefs.h.  */
| #include <ac_nonexistent.h>
configure:5257: result: g++ -std=gnu++11 -std=gnu++11 -E
configure:5271: g++ -std=gnu++11 -std=gnu++11 -E  conftest.cpp
configure:5271: $? = 0
configure:5287: g++ -std=gnu++11 -std=gnu++11 -E  conftest.cpp
conftest.cpp:9:10: fatal error: 'ac_nonexistent.h' file not found
#include <ac_nonexistent.h>
         ^~~~~~~~~~~~~~~~~~
1 error generated.
configure:5287: $? = 1
configure: failed program was:
| /* confdefs.h */
| #define PACKAGE_NAME "checktestdata"
| #define PACKAGE_TARNAME "checktestdata"
| #define PACKAGE_VERSION "20240830"
| #define PACKAGE_STRING "checktestdata 20240830"
| #define PACKAGE_BUGREPORT "domjudge-devel@domjudge.org"
| #define PACKAGE_URL ""
| /* end confdefs.h.  */
| #include <ac_nonexistent.h>
configure:5324: checking how to run the C preprocessor
configure:5350: gcc -E  conftest.c
configure:5350: $? = 0
configure:5366: gcc -E  conftest.c
conftest.c:9:10: fatal error: 'ac_nonexistent.h' file not found
#include <ac_nonexistent.h>
         ^~~~~~~~~~~~~~~~~~
1 error generated.
configure:5366: $? = 1
configure: failed program was:
| /* confdefs.h */
| #define PACKAGE_NAME "checktestdata"
| #define PACKAGE_TARNAME "checktestdata"
| #define PACKAGE_VERSION "20240830"
| #define PACKAGE_STRING "checktestdata 20240830"
| #define PACKAGE_BUGREPORT "domjudge-devel@domjudge.org"
| #define PACKAGE_URL ""
| /* end confdefs.h.  */
| #include <ac_nonexistent.h>
configure:5395: result: gcc -E
configure:5409: gcc -E  conftest.c
configure:5409: $? = 0
configure:5425: gcc -E  conftest.c
conftest.c:9:10: fatal error: 'ac_nonexistent.h' file not found
#include <ac_nonexistent.h>
         ^~~~~~~~~~~~~~~~~~
1 error generated.
configure:5425: $? = 1
configure: failed program was:
| /* confdefs.h */
| #define PACKAGE_NAME "checktestdata"
| #define PACKAGE_TARNAME "checktestdata"
| #define PACKAGE_VERSION "20240830"
| #define PACKAGE_STRING "checktestdata 20240830"
| #define PACKAGE_BUGREPORT "domjudge-devel@domjudge.org"
| #define PACKAGE_URL ""
| /* end confdefs.h.  */
| #include <ac_nonexistent.h>
configure:5472: checking whether g++ -std=gnu++11 -std=gnu++11 supports C++11 features by default
configure:5767: g++ -std=gnu++11 -std=gnu++11 -c -I/opt/homebrew/include  conftest.cpp >&5
configure:5767: $? = 0
configure:5777: result: yes
configure:6142: checking for proper std::regex implementation
configure:6161: g++ -std=gnu++11 -std=gnu++11 -o conftest -I/opt/homebrew/include  -L/opt/homebrew/lib conftest.cpp  >&5
configure:6161: $? = 0
configure:6161: ./conftest
configure:6161: $? = 0
configure:6163: result: yes
configure:6179: checking for stdio.h
configure:6179: g++ -std=gnu++11 -std=gnu++11 -c -I/opt/homebrew/include  conftest.cpp >&5
configure:6179: $? = 0
configure:6179: result: yes
configure:6179: checking for stdlib.h
configure:6179: g++ -std=gnu++11 -std=gnu++11 -c -I/opt/homebrew/include  conftest.cpp >&5
configure:6179: $? = 0
configure:6179: result: yes
configure:6179: checking for string.h
configure:6179: g++ -std=gnu++11 -std=gnu++11 -c -I/opt/homebrew/include  conftest.cpp >&5
configure:6179: $? = 0
configure:6179: result: yes
configure:6179: checking for inttypes.h
configure:6179: g++ -std=gnu++11 -std=gnu++11 -c -I/opt/homebrew/include  conftest.cpp >&5
configure:6179: $? = 0
configure:6179: result: yes
configure:6179: checking for stdint.h
configure:6179: g++ -std=gnu++11 -std=gnu++11 -c -I/opt/homebrew/include  conftest.cpp >&5
configure:6179: $? = 0
configure:6179: result: yes
configure:6179: checking for strings.h
configure:6179: g++ -std=gnu++11 -std=gnu++11 -c -I/opt/homebrew/include  conftest.cpp >&5
configure:6179: $? = 0
configure:6179: result: yes
configure:6179: checking for sys/stat.h
configure:6179: g++ -std=gnu++11 -std=gnu++11 -c -I/opt/homebrew/include  conftest.cpp >&5
configure:6179: $? = 0
configure:6179: result: yes
configure:6179: checking for sys/types.h
configure:6179: g++ -std=gnu++11 -std=gnu++11 -c -I/opt/homebrew/include  conftest.cpp >&5
configure:6179: $? = 0
configure:6179: result: yes
configure:6179: checking for unistd.h
configure:6179: g++ -std=gnu++11 -std=gnu++11 -c -I/opt/homebrew/include  conftest.cpp >&5
configure:6179: $? = 0
configure:6179: result: yes
configure:6204: checking for gmpxx.h
configure:6204: g++ -std=gnu++11 -std=gnu++11 -c -I/opt/homebrew/include  conftest.cpp >&5
configure:6204: $? = 0
configure:6204: result: yes
configure:6211: checking for abs in -lgmpxx
configure:6233: g++ -std=gnu++11 -std=gnu++11 -o conftest -I/opt/homebrew/include  -L/opt/homebrew/lib conftest.cpp -lgmpxx -lgmp  >&5
configure:6233: $? = 0
configure:6245: result: yes
configure:6265: checking for libboost regex support
configure:6274: checking build system type
configure:6290: result: arm-apple-darwin23.6.0
configure:6310: checking host system type
configure:6325: result: arm-apple-darwin23.6.0
configure:6397: checking for boostlib >= 1.33.1
configure:6480: g++ -std=gnu++11 -std=gnu++11 -c -I/opt/homebrew/include   conftest.cpp >&5
configure:6480: $? = 0
configure:6483: result: yes
configure:6822: parser generation disabled
configure:6992: creating ./config.status

## ---------------------- ##
## Running config.status. ##
## ---------------------- ##

This file was extended by checktestdata config.status 20240830, which was
generated by GNU Autoconf 2.72.  Invocation command line was

  CONFIG_FILES    = 
  CONFIG_HEADERS  = 
  CONFIG_LINKS    = 
  CONFIG_COMMANDS = 
  $ ./config.status 

on wireless-10-147-91-17.public.utexas.edu

config.status:740: creating config.mk

## ---------------- ##
## Cache variables. ##
## ---------------- ##

ac_cv_build=arm-apple-darwin23.6.0
ac_cv_c_compiler_gnu=yes
ac_cv_cxx_compiler_gnu=yes
ac_cv_env_CCC_set=
ac_cv_env_CCC_value=
ac_cv_env_CC_set=
ac_cv_env_CC_value=
ac_cv_env_CFLAGS_set=
ac_cv_env_CFLAGS_value=
ac_cv_env_CPPFLAGS_set=
ac_cv_env_CPPFLAGS_value=
ac_cv_env_CPP_set=
ac_cv_env_CPP_value=
ac_cv_env_CXXCPP_set=
ac_cv_env_CXXCPP_value=
ac_cv_env_CXXFLAGS_set=set
ac_cv_env_CXXFLAGS_value=-I/opt/homebrew/include
ac_cv_env_CXX_set=
ac_cv_env_CXX_value=
ac_cv_env_LDFLAGS_set=set
ac_cv_env_LDFLAGS_value=-L/opt/homebrew/lib
ac_cv_env_LIBS_set=
ac_cv_env_LIBS_value=
ac_cv_env_build_alias_set=
ac_cv_env_build_alias_value=
ac_cv_env_host_alias_set=
ac_cv_env_host_alias_value=
ac_cv_env_target_alias_set=
ac_cv_env_target_alias_value=
ac_cv_header_gmpxx_h=yes
ac_cv_header_inttypes_h=yes
ac_cv_header_stdint_h=yes
ac_cv_header_stdio_h=yes
ac_cv_header_stdlib_h=yes
ac_cv_header_string_h=yes
ac_cv_header_strings_h=yes
ac_cv_header_sys_stat_h=yes
ac_cv_header_sys_types_h=yes
ac_cv_header_unistd_h=yes
ac_cv_host=arm-apple-darwin23.6.0
ac_cv_lib_gmpxx_abs=yes
ac_cv_objext=o
ac_cv_prog_CPP='gcc -E'
ac_cv_prog_CXXCPP='g++ -std=gnu++11 -std=gnu++11 -E'
ac_cv_prog_ac_ct_CC=gcc
ac_cv_prog_ac_ct_CXX=g++
ac_cv_prog_cc_c11=
ac_cv_prog_cc_g=yes
ac_cv_prog_cc_stdc=
ac_cv_prog_cxx_cxx11=-std=gnu++11
ac_cv_prog_cxx_g=yes
ac_cv_prog_cxx_stdcxx=-std=gnu++11
ax_cv_check_cxxflags___D_FORTIFY_SOURCE_2=yes
ax_cv_check_cxxflags___Wall=yes
ax_cv_check_cxxflags___fPIE=yes
ax_cv_check_cxxflags___fstack_protector=yes
ax_cv_check_ldflags___Wl__z_now=no
ax_cv_check_ldflags___Wl__z_relro=no
ax_cv_check_ldflags___fPIE=yes
ax_cv_check_ldflags___pie=yes
ax_cv_cxx_compile_cxx11=yes

## ----------------- ##
## Output variables. ##
## ----------------- ##

BOOST_CPPFLAGS=''
BOOST_LDFLAGS=''
CC='gcc'
CFLAGS='-g -O2'
CPP='gcc -E'
CPPFLAGS=''
CXX='g++ -std=gnu++11 -std=gnu++11'
CXXCPP='g++ -std=gnu++11 -std=gnu++11 -E'
CXXFLAGS='-I/opt/homebrew/include'
DEFS='-DPACKAGE_NAME=\"checktestdata\" -DPACKAGE_TARNAME=\"checktestdata\" -DPACKAGE_VERSION=\"20240830\" -DPACKAGE_STRING=\"checktestdata\ 20240830\" -DPACKAGE_BUGREPORT=\"domjudge-devel@domjudge.org\" -DPACKAGE_URL=\"\" -DHAVE_CXX11=1 -DHAVE_STDIO_H=1 -DHAVE_STDLIB_H=1 -DHAVE_STRING_H=1 -DHAVE_INTTYPES_H=1 -DHAVE_STDINT_H=1 -DHAVE_STRINGS_H=1 -DHAVE_SYS_STAT_H=1 -DHAVE_SYS_TYPES_H=1 -DHAVE_UNISTD_H=1 -DSTDC_HEADERS=1 -DHAVE_GMPXX_H=1 -DHAVE_BOOST=/\*\*/'
ECHO_C='\c'
ECHO_N=''
ECHO_T=''
EGREP=''
EXEEXT=''
GREP=''
HAVE_CXX11='1'
LDFLAGS='-L/opt/homebrew/lib'
LIBGMPXX='-lgmpxx -lgmp'
LIBOBJS=''
LIBS=''
LTLIBOBJS=''
OBJEXT='o'
PACKAGE_BUGREPORT='domjudge-devel@domjudge.org'
PACKAGE_NAME='checktestdata'
PACKAGE_STRING='checktestdata 20240830'
PACKAGE_TARNAME='checktestdata'
PACKAGE_URL=''
PACKAGE_VERSION='20240830'
PARSERGEN_ENABLED=''
PATH_SEPARATOR=':'
SHELL='/bin/sh'
STATIC_LINK_END=''
STATIC_LINK_START=''
ac_ct_CC='gcc'
ac_ct_CXX='g++'
bindir='${exec_prefix}/bin'
build='arm-apple-darwin23.6.0'
build_alias=''
build_cpu='arm'
build_os='darwin23.6.0'
build_vendor='apple'
datadir='${datarootdir}'
datarootdir='${prefix}/share'
docdir='${datarootdir}/doc/${PACKAGE_TARNAME}'
dvidir='${docdir}'
exec_prefix='${prefix}'
host='arm-apple-darwin23.6.0'
host_alias=''
host_cpu='arm'
host_os='darwin23.6.0'
host_vendor='apple'
htmldir='${docdir}'
includedir='${prefix}/include'
infodir='${datarootdir}/info'
libdir='${exec_prefix}/lib'
libexecdir='${exec_prefix}/libexec'
localedir='${datarootdir}/locale'
localstatedir='${prefix}/var'
mandir='${datarootdir}/man'
oldincludedir='/usr/include'
pdfdir='${docdir}'
prefix='/usr/local'
program_transform_name='s,x,x,'
psdir='${docdir}'
runstatedir='${localstatedir}/run'
sbindir='${exec_prefix}/sbin'
sharedstatedir='${prefix}/com'
sysconfdir='${prefix}/etc'
target_alias=''

## ----------- ##
## confdefs.h. ##
## ----------- ##

/* confdefs.h */
#define PACKAGE_NAME "checktestdata"
#define PACKAGE_TARNAME "checktestdata"
#define PACKAGE_VERSION "20240830"
#define PACKAGE_STRING "checktestdata 20240830"
#define PACKAGE_BUGREPORT "domjudge-devel@domjudge.org"
#define PACKAGE_URL ""
#define HAVE_CXX11 1
#define HAVE_STDIO_H 1
#define HAVE_STDLIB_H 1
#define HAVE_STRING_H 1
#define HAVE_INTTYPES_H 1
#define HAVE_STDINT_H 1
#define HAVE_STRINGS_H 1
#define HAVE_SYS_STAT_H 1
#define HAVE_SYS_TYPES_H 1
#define HAVE_UNISTD_H 1
#define STDC_HEADERS 1
#define HAVE_GMPXX_H 1
#define HAVE_BOOST /**/

configure: exit 0
